<?xml version="1.0" encoding="UTF-8"?>
<!-- Generated by org.testng.reporters.JUnitReportReporter -->
<testsuite hostname="DESKTOP-0UELNBD" name="testing.NewTest" tests="1" failures="0" timestamp="1 Jul 2021 04:34:23 GMT" time="12.867" errors="0">
  <testcase name="f" time="12.867" classname="testing.NewTest"/>
</testsuite> <!-- testing.NewTest -->
